  [1m[35m (543.6ms)[0m  [1m[35mCREATE DATABASE "foragerfinds_backend_development" ENCODING = 'unicode'[0m
  [1m[35m (365.6ms)[0m  [1m[35mCREATE DATABASE "foragerfinds_backend_test" ENCODING = 'unicode'[0m
  [1m[35m (13.2ms)[0m  [1m[35mCREATE TABLE "schema_migrations" ("version" character varying NOT NULL PRIMARY KEY)[0m
  [1m[35m (3.7ms)[0m  [1m[35mCREATE TABLE "ar_internal_metadata" ("key" character varying NOT NULL PRIMARY KEY, "value" character varying, "created_at" timestamp(6) NOT NULL, "updated_at" timestamp(6) NOT NULL)[0m
  [1m[35m (0.3ms)[0m  [1m[34mSELECT pg_try_advisory_lock(3733520057456149065)[0m
  [1m[35m (0.5ms)[0m  [1m[34mSELECT "schema_migrations"."version" FROM "schema_migrations" ORDER BY "schema_migrations"."version" ASC[0m
Migrating to CreateComments (20201009165539)
  [1m[35m (0.1ms)[0m  [1m[35mBEGIN[0m
  [1m[35m (6.6ms)[0m  [1m[35mCREATE TABLE "comments" ("id" bigserial primary key, "post_id" integer, "user_id" integer, "comment_content" text, "created_at" timestamp(6) NOT NULL, "updated_at" timestamp(6) NOT NULL)[0m
  [1m[36mprimary::SchemaMigration Create (0.6ms)[0m  [1m[32mINSERT INTO "schema_migrations" ("version") VALUES ($1) RETURNING "version"[0m  [["version", "20201009165539"]]
  [1m[35m (0.4ms)[0m  [1m[35mCOMMIT[0m
Migrating to CreateUsers (20201009165544)
  [1m[35m (0.2ms)[0m  [1m[35mBEGIN[0m
  [1m[35m (5.0ms)[0m  [1m[35mCREATE TABLE "users" ("id" bigserial primary key, "first_name" character varying, "last_name" character varying, "birthday" date, "username" character varying, "password_digest" character varying, "email" character varying, "bio" text, "created_at" timestamp(6) NOT NULL, "updated_at" timestamp(6) NOT NULL)[0m
  [1m[36mprimary::SchemaMigration Create (0.2ms)[0m  [1m[32mINSERT INTO "schema_migrations" ("version") VALUES ($1) RETURNING "version"[0m  [["version", "20201009165544"]]
  [1m[35m (0.3ms)[0m  [1m[35mCOMMIT[0m
Migrating to CreateRelationships (20201009165555)
  [1m[35m (0.2ms)[0m  [1m[35mBEGIN[0m
  [1m[35m (3.7ms)[0m  [1m[35mCREATE TABLE "relationships" ("id" bigserial primary key, "follower_id" integer, "forager_id" integer, "blocked" boolean, "created_at" timestamp(6) NOT NULL, "updated_at" timestamp(6) NOT NULL)[0m
  [1m[36mprimary::SchemaMigration Create (0.2ms)[0m  [1m[32mINSERT INTO "schema_migrations" ("version") VALUES ($1) RETURNING "version"[0m  [["version", "20201009165555"]]
  [1m[35m (0.4ms)[0m  [1m[35mCOMMIT[0m
Migrating to CreatePosts (20201009165602)
  [1m[35m (0.2ms)[0m  [1m[35mBEGIN[0m
  [1m[35m (5.1ms)[0m  [1m[35mCREATE TABLE "posts" ("id" bigserial primary key, "user_id" integer, "title" character varying, "description" text, "created_at" timestamp(6) NOT NULL, "updated_at" timestamp(6) NOT NULL)[0m
  [1m[36mprimary::SchemaMigration Create (0.3ms)[0m  [1m[32mINSERT INTO "schema_migrations" ("version") VALUES ($1) RETURNING "version"[0m  [["version", "20201009165602"]]
  [1m[35m (0.4ms)[0m  [1m[35mCOMMIT[0m
  [1m[36mActiveRecord::InternalMetadata Load (0.3ms)[0m  [1m[34mSELECT "ar_internal_metadata".* FROM "ar_internal_metadata" WHERE "ar_internal_metadata"."key" = $1 LIMIT $2[0m  [["key", "environment"], ["LIMIT", 1]]
  [1m[35m (0.1ms)[0m  [1m[35mBEGIN[0m
  [1m[36mActiveRecord::InternalMetadata Create (1.1ms)[0m  [1m[32mINSERT INTO "ar_internal_metadata" ("key", "value", "created_at", "updated_at") VALUES ($1, $2, $3, $4) RETURNING "key"[0m  [["key", "environment"], ["value", "development"], ["created_at", "2020-10-09 17:00:32.061594"], ["updated_at", "2020-10-09 17:00:32.061594"]]
  [1m[35m (0.3ms)[0m  [1m[35mCOMMIT[0m
  [1m[35m (0.2ms)[0m  [1m[34mSELECT pg_advisory_unlock(3733520057456149065)[0m
  [1m[35m (1.2ms)[0m  [1m[34mSELECT "schema_migrations"."version" FROM "schema_migrations" ORDER BY "schema_migrations"."version" ASC[0m
  [1m[35m (0.7ms)[0m  [1m[34mSELECT "schema_migrations"."version" FROM "schema_migrations" ORDER BY "schema_migrations"."version" ASC[0m
  [1m[35m (0.7ms)[0m  [1m[34mSELECT "schema_migrations"."version" FROM "schema_migrations" ORDER BY "schema_migrations"."version" ASC[0m
  [1m[35m (0.6ms)[0m  [1m[34mSELECT "schema_migrations"."version" FROM "schema_migrations" ORDER BY "schema_migrations"."version" ASC[0m
  [1m[36mUser Load (0.5ms)[0m  [1m[34mSELECT "users".* FROM "users"[0m
  [1m[36mRelationship Load (0.4ms)[0m  [1m[34mSELECT "relationships".* FROM "relationships"[0m
  [1m[36mPost Load (0.5ms)[0m  [1m[34mSELECT "posts".* FROM "posts"[0m
  [1m[36mComment Load (0.5ms)[0m  [1m[34mSELECT "comments".* FROM "comments"[0m
  [1m[35m (0.2ms)[0m  [1m[35mBEGIN[0m
  [1m[36mUser Exists? (0.6ms)[0m  [1m[34mSELECT 1 AS one FROM "users" WHERE "users"."email" = $1 LIMIT $2[0m  [["email", "nmoore42@hotmail.com"], ["LIMIT", 1]]
  [1m[36mUser Exists? (0.1ms)[0m  [1m[34mSELECT 1 AS one FROM "users" WHERE "users"."username" = $1 LIMIT $2[0m  [["username", "NMoore42"], ["LIMIT", 1]]
  [1m[36mUser Create (0.5ms)[0m  [1m[32mINSERT INTO "users" ("first_name", "last_name", "birthday", "username", "password_digest", "email", "bio", "created_at", "updated_at") VALUES ($1, $2, $3, $4, $5, $6, $7, $8, $9) RETURNING "id"[0m  [["first_name", "Nick"], ["last_name", "Moore"], ["birthday", "1987-02-05"], ["username", "NMoore42"], ["password_digest", "$2a$12$zdqSj39ABzFVJM6kSkh/fuSMfBQU8CXrmIEDCbexS.M60AvZ.mmqa"], ["email", "nmoore42@hotmail.com"], ["bio", "Looking to hunt some mushrooms!"], ["created_at", "2020-10-09 17:01:11.093238"], ["updated_at", "2020-10-09 17:01:11.093238"]]
  [1m[35m (1.1ms)[0m  [1m[35mCOMMIT[0m
  [1m[35m (0.2ms)[0m  [1m[35mBEGIN[0m
  [1m[36mUser Exists? (0.3ms)[0m  [1m[34mSELECT 1 AS one FROM "users" WHERE "users"."email" = $1 LIMIT $2[0m  [["email", "jodi8@hotmail.com"], ["LIMIT", 1]]
  [1m[36mUser Exists? (0.1ms)[0m  [1m[34mSELECT 1 AS one FROM "users" WHERE "users"."username" = $1 LIMIT $2[0m  [["username", "JCunni8"], ["LIMIT", 1]]
  [1m[36mUser Create (0.3ms)[0m  [1m[32mINSERT INTO "users" ("first_name", "last_name", "birthday", "username", "password_digest", "email", "bio", "created_at", "updated_at") VALUES ($1, $2, $3, $4, $5, $6, $7, $8, $9) RETURNING "id"[0m  [["first_name", "Jodi"], ["last_name", "Cunningham"], ["birthday", "1986-09-12"], ["username", "JCunni8"], ["password_digest", "$2a$12$fP8OmewwLNc/PfnRjaMdBuGzxcZiXcD3DPNxVfa/VoAd66VjjQMx2"], ["email", "jodi8@hotmail.com"], ["bio", "Not sure why I am here..."], ["created_at", "2020-10-09 17:01:11.273257"], ["updated_at", "2020-10-09 17:01:11.273257"]]
  [1m[35m (1.0ms)[0m  [1m[35mCOMMIT[0m
  [1m[35m (0.2ms)[0m  [1m[35mBEGIN[0m
  [1m[36mUser Exists? (0.2ms)[0m  [1m[34mSELECT 1 AS one FROM "users" WHERE "users"."email" = $1 LIMIT $2[0m  [["email", "steves@hotmail.com"], ["LIMIT", 1]]
  [1m[36mUser Exists? (0.1ms)[0m  [1m[34mSELECT 1 AS one FROM "users" WHERE "users"."username" = $1 LIMIT $2[0m  [["username", "steveS"], ["LIMIT", 1]]
  [1m[36mUser Create (0.2ms)[0m  [1m[32mINSERT INTO "users" ("first_name", "last_name", "birthday", "username", "password_digest", "email", "bio", "created_at", "updated_at") VALUES ($1, $2, $3, $4, $5, $6, $7, $8, $9) RETURNING "id"[0m  [["first_name", "Steve"], ["last_name", "Savannah"], ["birthday", "1988-10-30"], ["username", "steveS"], ["password_digest", "$2a$12$PDuKuyy5Qb2HvwbsoG1l0.brCZACgsFd/jDoAsoDAyvXgJI7/q3t2"], ["email", "steves@hotmail.com"], ["bio", "I am a fan of truffels"], ["created_at", "2020-10-09 17:01:11.449348"], ["updated_at", "2020-10-09 17:01:11.449348"]]
  [1m[35m (1.0ms)[0m  [1m[35mCOMMIT[0m
  [1m[35m (0.2ms)[0m  [1m[35mBEGIN[0m
  [1m[36mUser Exists? (0.2ms)[0m  [1m[34mSELECT 1 AS one FROM "users" WHERE "users"."email" = $1 LIMIT $2[0m  [["email", "mrgrandrapids@hotmail.com"], ["LIMIT", 1]]
  [1m[36mUser Exists? (0.1ms)[0m  [1m[34mSELECT 1 AS one FROM "users" WHERE "users"."username" = $1 LIMIT $2[0m  [["username", "daveN"], ["LIMIT", 1]]
  [1m[36mUser Create (0.2ms)[0m  [1m[32mINSERT INTO "users" ("first_name", "last_name", "birthday", "username", "password_digest", "email", "bio", "created_at", "updated_at") VALUES ($1, $2, $3, $4, $5, $6, $7, $8, $9) RETURNING "id"[0m  [["first_name", "Dave"], ["last_name", "Neitkawizc"], ["birthday", "1990-05-08"], ["username", "daveN"], ["password_digest", "$2a$12$qg1Ls3Jxa/4s5iAnz2G/XenwxBSI04jux9oE3qP0GhmJXnVQWv8uK"], ["email", "mrgrandrapids@hotmail.com"], ["bio", "I am interested in all things."], ["created_at", "2020-10-09 17:01:11.626063"], ["updated_at", "2020-10-09 17:01:11.626063"]]
  [1m[35m (0.9ms)[0m  [1m[35mCOMMIT[0m
  [1m[35m (0.2ms)[0m  [1m[35mBEGIN[0m
  [1m[36mUser Exists? (0.4ms)[0m  [1m[34mSELECT 1 AS one FROM "users" WHERE "users"."email" = $1 LIMIT $2[0m  [["email", "pvilker@hotmail.com"], ["LIMIT", 1]]
  [1m[36mUser Exists? (0.3ms)[0m  [1m[34mSELECT 1 AS one FROM "users" WHERE "users"."username" = $1 LIMIT $2[0m  [["username", "paulV"], ["LIMIT", 1]]
  [1m[36mUser Create (0.2ms)[0m  [1m[32mINSERT INTO "users" ("first_name", "last_name", "birthday", "username", "password_digest", "email", "bio", "created_at", "updated_at") VALUES ($1, $2, $3, $4, $5, $6, $7, $8, $9) RETURNING "id"[0m  [["first_name", "Paul"], ["last_name", "Vilker"], ["birthday", "1990-03-15"], ["username", "paulV"], ["password_digest", "$2a$12$sNc.2WRoPWwrMQx3cbitIeS5rLH/VokapwfuyITvmHepa7PgD7IC6"], ["email", "pvilker@hotmail.com"], ["bio", "Looking forward to all of the foraging I'll be doing!"], ["created_at", "2020-10-09 17:01:11.802085"], ["updated_at", "2020-10-09 17:01:11.802085"]]
  [1m[35m (0.8ms)[0m  [1m[35mCOMMIT[0m
  [1m[35m (0.2ms)[0m  [1m[35mBEGIN[0m
  [1m[36mUser Exists? (0.2ms)[0m  [1m[34mSELECT 1 AS one FROM "users" WHERE "users"."email" = $1 LIMIT $2[0m  [["email", "sarah@hotmail.com"], ["LIMIT", 1]]
  [1m[36mUser Exists? (0.1ms)[0m  [1m[34mSELECT 1 AS one FROM "users" WHERE "users"."username" = $1 LIMIT $2[0m  [["username", "sarahH"], ["LIMIT", 1]]
  [1m[36mUser Create (0.2ms)[0m  [1m[32mINSERT INTO "users" ("first_name", "last_name", "birthday", "username", "password_digest", "email", "bio", "created_at", "updated_at") VALUES ($1, $2, $3, $4, $5, $6, $7, $8, $9) RETURNING "id"[0m  [["first_name", "Sarah"], ["last_name", "Harlow"], ["birthday", "1991-07-02"], ["username", "sarahH"], ["password_digest", "$2a$12$mm5rPI44S923fBUchbbHbOI6YwL1lObKWmWnIongjx8YuI/tULrLG"], ["email", "sarah@hotmail.com"], ["bio", "Love being in the woods!"], ["created_at", "2020-10-09 17:01:11.982277"], ["updated_at", "2020-10-09 17:01:11.982277"]]
  [1m[35m (1.0ms)[0m  [1m[35mCOMMIT[0m
  [1m[35m (0.3ms)[0m  [1m[35mBEGIN[0m
  [1m[36mUser Exists? (0.2ms)[0m  [1m[34mSELECT 1 AS one FROM "users" WHERE "users"."email" = $1 LIMIT $2[0m  [["email", "mitch@hotmail.com"], ["LIMIT", 1]]
  [1m[36mUser Exists? (0.1ms)[0m  [1m[34mSELECT 1 AS one FROM "users" WHERE "users"."username" = $1 LIMIT $2[0m  [["username", "mitchF"], ["LIMIT", 1]]
  [1m[36mUser Create (0.2ms)[0m  [1m[32mINSERT INTO "users" ("first_name", "last_name", "birthday", "username", "password_digest", "email", "bio", "created_at", "updated_at") VALUES ($1, $2, $3, $4, $5, $6, $7, $8, $9) RETURNING "id"[0m  [["first_name", "Mitch"], ["last_name", "Faasen"], ["birthday", "1985-07-30"], ["username", "mitchF"], ["password_digest", "$2a$12$KNltTYwZ.NSO58gz2bYEGuWUTvpobbOa4IKxh2z3JSK7dahqfvcd2"], ["email", "mitch@hotmail.com"], ["bio", "I could get into this."], ["created_at", "2020-10-09 17:01:12.164150"], ["updated_at", "2020-10-09 17:01:12.164150"]]
  [1m[35m (0.9ms)[0m  [1m[35mCOMMIT[0m
  [1m[35m (0.2ms)[0m  [1m[35mBEGIN[0m
  [1m[36mUser Exists? (0.2ms)[0m  [1m[34mSELECT 1 AS one FROM "users" WHERE "users"."email" = $1 LIMIT $2[0m  [["email", "frank@hotmail.com"], ["LIMIT", 1]]
  [1m[36mUser Exists? (0.3ms)[0m  [1m[34mSELECT 1 AS one FROM "users" WHERE "users"."username" = $1 LIMIT $2[0m  [["username", "frankD"], ["LIMIT", 1]]
  [1m[36mUser Create (0.2ms)[0m  [1m[32mINSERT INTO "users" ("first_name", "last_name", "birthday", "username", "password_digest", "email", "bio", "created_at", "updated_at") VALUES ($1, $2, $3, $4, $5, $6, $7, $8, $9) RETURNING "id"[0m  [["first_name", "Frank"], ["last_name", "Dye"], ["birthday", "1985-04-01"], ["username", "frankD"], ["password_digest", "$2a$12$CEnxoH7qaMb0e3L3/CtupuFrD0FVCkjzmoMBEuivzekaDG0ANj9ya"], ["email", "frank@hotmail.com"], ["bio", "Looking forward to taking my boys foraging."], ["created_at", "2020-10-09 17:01:12.342286"], ["updated_at", "2020-10-09 17:01:12.342286"]]
  [1m[35m (0.9ms)[0m  [1m[35mCOMMIT[0m
  [1m[35m (0.2ms)[0m  [1m[35mBEGIN[0m
  [1m[36mUser Exists? (0.2ms)[0m  [1m[34mSELECT 1 AS one FROM "users" WHERE "users"."email" = $1 LIMIT $2[0m  [["email", "christopher@hotmail.com"], ["LIMIT", 1]]
  [1m[36mUser Exists? (0.2ms)[0m  [1m[34mSELECT 1 AS one FROM "users" WHERE "users"."username" = $1 LIMIT $2[0m  [["username", "christopherM"], ["LIMIT", 1]]
  [1m[36mUser Create (0.2ms)[0m  [1m[32mINSERT INTO "users" ("first_name", "last_name", "birthday", "username", "password_digest", "email", "bio", "created_at", "updated_at") VALUES ($1, $2, $3, $4, $5, $6, $7, $8, $9) RETURNING "id"[0m  [["first_name", "Christopher"], ["last_name", "Maisano"], ["birthday", "1984-11-28"], ["username", "christopherM"], ["password_digest", "$2a$12$JOylvcLmlS/kzl4/gNRwMeup3wi73SBCzETw4U4xZDiSP10yosMpK"], ["email", "christopher@hotmail.com"], ["bio", "Can I ask about shrooms here?"], ["created_at", "2020-10-09 17:01:12.516256"], ["updated_at", "2020-10-09 17:01:12.516256"]]
  [1m[35m (0.9ms)[0m  [1m[35mCOMMIT[0m
  [1m[35m (0.2ms)[0m  [1m[35mBEGIN[0m
  [1m[36mUser Exists? (0.2ms)[0m  [1m[34mSELECT 1 AS one FROM "users" WHERE "users"."email" = $1 LIMIT $2[0m  [["email", "grace@hotmail.com"], ["LIMIT", 1]]
  [1m[36mUser Exists? (0.1ms)[0m  [1m[34mSELECT 1 AS one FROM "users" WHERE "users"."username" = $1 LIMIT $2[0m  [["username", "graceG"], ["LIMIT", 1]]
  [1m[36mUser Create (0.2ms)[0m  [1m[32mINSERT INTO "users" ("first_name", "last_name", "birthday", "username", "password_digest", "email", "bio", "created_at", "updated_at") VALUES ($1, $2, $3, $4, $5, $6, $7, $8, $9) RETURNING "id"[0m  [["first_name", "Grace"], ["last_name", "Geitzan"], ["birthday", "1989-05-11"], ["username", "graceG"], ["password_digest", "$2a$12$gzTIKs1skHJ6SAzbe1mw/uceqadQQVCMrxq1evDEkUQ.g0uV5ZQYy"], ["email", "grace@hotmail.com"], ["bio", "Can't wait to post my finds!"], ["created_at", "2020-10-09 17:01:12.693027"], ["updated_at", "2020-10-09 17:01:12.693027"]]
  [1m[35m (1.1ms)[0m  [1m[35mCOMMIT[0m
  [1m[35m (0.1ms)[0m  [1m[35mBEGIN[0m
  [1m[36mRelationship Exists? (0.3ms)[0m  [1m[34mSELECT 1 AS one FROM "relationships" WHERE "relationships"."follower_id" = $1 AND "relationships"."forager_id" = $2 LIMIT $3[0m  [["follower_id", 2], ["forager_id", 1], ["LIMIT", 1]]
  [1m[36mRelationship Create (0.5ms)[0m  [1m[32mINSERT INTO "relationships" ("follower_id", "forager_id", "blocked", "created_at", "updated_at") VALUES ($1, $2, $3, $4, $5) RETURNING "id"[0m  [["follower_id", 2], ["forager_id", 1], ["blocked", false], ["created_at", "2020-10-09 17:01:12.712069"], ["updated_at", "2020-10-09 17:01:12.712069"]]
  [1m[35m (0.4ms)[0m  [1m[35mCOMMIT[0m
  [1m[35m (0.1ms)[0m  [1m[35mBEGIN[0m
  [1m[36mRelationship Exists? (0.2ms)[0m  [1m[34mSELECT 1 AS one FROM "relationships" WHERE "relationships"."follower_id" = $1 AND "relationships"."forager_id" = $2 LIMIT $3[0m  [["follower_id", 3], ["forager_id", 1], ["LIMIT", 1]]
  [1m[36mRelationship Create (0.2ms)[0m  [1m[32mINSERT INTO "relationships" ("follower_id", "forager_id", "blocked", "created_at", "updated_at") VALUES ($1, $2, $3, $4, $5) RETURNING "id"[0m  [["follower_id", 3], ["forager_id", 1], ["blocked", false], ["created_at", "2020-10-09 17:01:12.716777"], ["updated_at", "2020-10-09 17:01:12.716777"]]
  [1m[35m (0.3ms)[0m  [1m[35mCOMMIT[0m
  [1m[35m (0.2ms)[0m  [1m[35mBEGIN[0m
  [1m[36mRelationship Exists? (0.2ms)[0m  [1m[34mSELECT 1 AS one FROM "relationships" WHERE "relationships"."follower_id" = $1 AND "relationships"."forager_id" = $2 LIMIT $3[0m  [["follower_id", 4], ["forager_id", 1], ["LIMIT", 1]]
  [1m[36mRelationship Create (0.2ms)[0m  [1m[32mINSERT INTO "relationships" ("follower_id", "forager_id", "blocked", "created_at", "updated_at") VALUES ($1, $2, $3, $4, $5) RETURNING "id"[0m  [["follower_id", 4], ["forager_id", 1], ["blocked", false], ["created_at", "2020-10-09 17:01:12.730297"], ["updated_at", "2020-10-09 17:01:12.730297"]]
  [1m[35m (0.4ms)[0m  [1m[35mCOMMIT[0m
  [1m[35m (0.1ms)[0m  [1m[35mBEGIN[0m
  [1m[36mRelationship Exists? (0.2ms)[0m  [1m[34mSELECT 1 AS one FROM "relationships" WHERE "relationships"."follower_id" = $1 AND "relationships"."forager_id" = $2 LIMIT $3[0m  [["follower_id", 5], ["forager_id", 1], ["LIMIT", 1]]
  [1m[36mRelationship Create (0.2ms)[0m  [1m[32mINSERT INTO "relationships" ("follower_id", "forager_id", "blocked", "created_at", "updated_at") VALUES ($1, $2, $3, $4, $5) RETURNING "id"[0m  [["follower_id", 5], ["forager_id", 1], ["blocked", false], ["created_at", "2020-10-09 17:01:12.734381"], ["updated_at", "2020-10-09 17:01:12.734381"]]
  [1m[35m (0.4ms)[0m  [1m[35mCOMMIT[0m
  [1m[35m (0.1ms)[0m  [1m[35mBEGIN[0m
  [1m[36mRelationship Exists? (0.2ms)[0m  [1m[34mSELECT 1 AS one FROM "relationships" WHERE "relationships"."follower_id" = $1 AND "relationships"."forager_id" = $2 LIMIT $3[0m  [["follower_id", 6], ["forager_id", 1], ["LIMIT", 1]]
  [1m[36mRelationship Create (0.3ms)[0m  [1m[32mINSERT INTO "relationships" ("follower_id", "forager_id", "blocked", "created_at", "updated_at") VALUES ($1, $2, $3, $4, $5) RETURNING "id"[0m  [["follower_id", 6], ["forager_id", 1], ["blocked", false], ["created_at", "2020-10-09 17:01:12.738148"], ["updated_at", "2020-10-09 17:01:12.738148"]]
  [1m[35m (0.4ms)[0m  [1m[35mCOMMIT[0m
  [1m[35m (0.1ms)[0m  [1m[35mBEGIN[0m
  [1m[36mRelationship Exists? (0.2ms)[0m  [1m[34mSELECT 1 AS one FROM "relationships" WHERE "relationships"."follower_id" = $1 AND "relationships"."forager_id" = $2 LIMIT $3[0m  [["follower_id", 7], ["forager_id", 1], ["LIMIT", 1]]
  [1m[36mRelationship Create (0.3ms)[0m  [1m[32mINSERT INTO "relationships" ("follower_id", "forager_id", "blocked", "created_at", "updated_at") VALUES ($1, $2, $3, $4, $5) RETURNING "id"[0m  [["follower_id", 7], ["forager_id", 1], ["blocked", false], ["created_at", "2020-10-09 17:01:12.741970"], ["updated_at", "2020-10-09 17:01:12.741970"]]
  [1m[35m (0.3ms)[0m  [1m[35mCOMMIT[0m
  [1m[35m (0.1ms)[0m  [1m[35mBEGIN[0m
  [1m[36mRelationship Exists? (0.3ms)[0m  [1m[34mSELECT 1 AS one FROM "relationships" WHERE "relationships"."follower_id" = $1 AND "relationships"."forager_id" = $2 LIMIT $3[0m  [["follower_id", 8], ["forager_id", 1], ["LIMIT", 1]]
  [1m[36mRelationship Create (0.3ms)[0m  [1m[32mINSERT INTO "relationships" ("follower_id", "forager_id", "blocked", "created_at", "updated_at") VALUES ($1, $2, $3, $4, $5) RETURNING "id"[0m  [["follower_id", 8], ["forager_id", 1], ["blocked", false], ["created_at", "2020-10-09 17:01:12.745962"], ["updated_at", "2020-10-09 17:01:12.745962"]]
  [1m[35m (0.3ms)[0m  [1m[35mCOMMIT[0m
  [1m[35m (0.1ms)[0m  [1m[35mBEGIN[0m
  [1m[36mRelationship Exists? (0.2ms)[0m  [1m[34mSELECT 1 AS one FROM "relationships" WHERE "relationships"."follower_id" = $1 AND "relationships"."forager_id" = $2 LIMIT $3[0m  [["follower_id", 9], ["forager_id", 1], ["LIMIT", 1]]
  [1m[36mRelationship Create (0.2ms)[0m  [1m[32mINSERT INTO "relationships" ("follower_id", "forager_id", "blocked", "created_at", "updated_at") VALUES ($1, $2, $3, $4, $5) RETURNING "id"[0m  [["follower_id", 9], ["forager_id", 1], ["blocked", false], ["created_at", "2020-10-09 17:01:12.749854"], ["updated_at", "2020-10-09 17:01:12.749854"]]
  [1m[35m (0.3ms)[0m  [1m[35mCOMMIT[0m
  [1m[35m (0.1ms)[0m  [1m[35mBEGIN[0m
  [1m[36mRelationship Exists? (0.2ms)[0m  [1m[34mSELECT 1 AS one FROM "relationships" WHERE "relationships"."follower_id" = $1 AND "relationships"."forager_id" = $2 LIMIT $3[0m  [["follower_id", 10], ["forager_id", 1], ["LIMIT", 1]]
  [1m[36mRelationship Create (0.2ms)[0m  [1m[32mINSERT INTO "relationships" ("follower_id", "forager_id", "blocked", "created_at", "updated_at") VALUES ($1, $2, $3, $4, $5) RETURNING "id"[0m  [["follower_id", 10], ["forager_id", 1], ["blocked", false], ["created_at", "2020-10-09 17:01:12.753356"], ["updated_at", "2020-10-09 17:01:12.753356"]]
  [1m[35m (0.4ms)[0m  [1m[35mCOMMIT[0m
  [1m[35m (0.1ms)[0m  [1m[35mBEGIN[0m
  [1m[36mRelationship Exists? (0.2ms)[0m  [1m[34mSELECT 1 AS one FROM "relationships" WHERE "relationships"."follower_id" = $1 AND "relationships"."forager_id" = $2 LIMIT $3[0m  [["follower_id", 3], ["forager_id", 2], ["LIMIT", 1]]
  [1m[36mRelationship Create (0.3ms)[0m  [1m[32mINSERT INTO "relationships" ("follower_id", "forager_id", "blocked", "created_at", "updated_at") VALUES ($1, $2, $3, $4, $5) RETURNING "id"[0m  [["follower_id", 3], ["forager_id", 2], ["blocked", false], ["created_at", "2020-10-09 17:01:12.757383"], ["updated_at", "2020-10-09 17:01:12.757383"]]
  [1m[35m (0.3ms)[0m  [1m[35mCOMMIT[0m
  [1m[35m (0.1ms)[0m  [1m[35mBEGIN[0m
  [1m[36mRelationship Exists? (0.2ms)[0m  [1m[34mSELECT 1 AS one FROM "relationships" WHERE "relationships"."follower_id" = $1 AND "relationships"."forager_id" = $2 LIMIT $3[0m  [["follower_id", 5], ["forager_id", 2], ["LIMIT", 1]]
  [1m[36mRelationship Create (0.2ms)[0m  [1m[32mINSERT INTO "relationships" ("follower_id", "forager_id", "blocked", "created_at", "updated_at") VALUES ($1, $2, $3, $4, $5) RETURNING "id"[0m  [["follower_id", 5], ["forager_id", 2], ["blocked", false], ["created_at", "2020-10-09 17:01:12.760985"], ["updated_at", "2020-10-09 17:01:12.760985"]]
  [1m[35m (0.3ms)[0m  [1m[35mCOMMIT[0m
  [1m[35m (0.1ms)[0m  [1m[35mBEGIN[0m
  [1m[36mRelationship Exists? (0.2ms)[0m  [1m[34mSELECT 1 AS one FROM "relationships" WHERE "relationships"."follower_id" = $1 AND "relationships"."forager_id" = $2 LIMIT $3[0m  [["follower_id", 9], ["forager_id", 2], ["LIMIT", 1]]
  [1m[36mRelationship Create (0.2ms)[0m  [1m[32mINSERT INTO "relationships" ("follower_id", "forager_id", "blocked", "created_at", "updated_at") VALUES ($1, $2, $3, $4, $5) RETURNING "id"[0m  [["follower_id", 9], ["forager_id", 2], ["blocked", false], ["created_at", "2020-10-09 17:01:12.764130"], ["updated_at", "2020-10-09 17:01:12.764130"]]
  [1m[35m (0.3ms)[0m  [1m[35mCOMMIT[0m
  [1m[35m (0.1ms)[0m  [1m[35mBEGIN[0m
  [1m[36mRelationship Exists? (0.2ms)[0m  [1m[34mSELECT 1 AS one FROM "relationships" WHERE "relationships"."follower_id" = $1 AND "relationships"."forager_id" = $2 LIMIT $3[0m  [["follower_id", 7], ["forager_id", 2], ["LIMIT", 1]]
  [1m[36mRelationship Create (0.2ms)[0m  [1m[32mINSERT INTO "relationships" ("follower_id", "forager_id", "blocked", "created_at", "updated_at") VALUES ($1, $2, $3, $4, $5) RETURNING "id"[0m  [["follower_id", 7], ["forager_id", 2], ["blocked", false], ["created_at", "2020-10-09 17:01:12.767114"], ["updated_at", "2020-10-09 17:01:12.767114"]]
  [1m[35m (0.3ms)[0m  [1m[35mCOMMIT[0m
  [1m[35m (0.1ms)[0m  [1m[35mBEGIN[0m
  [1m[36mRelationship Exists? (0.2ms)[0m  [1m[34mSELECT 1 AS one FROM "relationships" WHERE "relationships"."follower_id" = $1 AND "relationships"."forager_id" = $2 LIMIT $3[0m  [["follower_id", 2], ["forager_id", 9], ["LIMIT", 1]]
  [1m[36mRelationship Create (0.3ms)[0m  [1m[32mINSERT INTO "relationships" ("follower_id", "forager_id", "blocked", "created_at", "updated_at") VALUES ($1, $2, $3, $4, $5) RETURNING "id"[0m  [["follower_id", 2], ["forager_id", 9], ["blocked", false], ["created_at", "2020-10-09 17:01:12.770505"], ["updated_at", "2020-10-09 17:01:12.770505"]]
  [1m[35m (0.3ms)[0m  [1m[35mCOMMIT[0m
  [1m[35m (0.1ms)[0m  [1m[35mBEGIN[0m
  [1m[36mRelationship Exists? (0.2ms)[0m  [1m[34mSELECT 1 AS one FROM "relationships" WHERE "relationships"."follower_id" = $1 AND "relationships"."forager_id" = $2 LIMIT $3[0m  [["follower_id", 7], ["forager_id", 9], ["LIMIT", 1]]
  [1m[36mRelationship Create (0.2ms)[0m  [1m[32mINSERT INTO "relationships" ("follower_id", "forager_id", "blocked", "created_at", "updated_at") VALUES ($1, $2, $3, $4, $5) RETURNING "id"[0m  [["follower_id", 7], ["forager_id", 9], ["blocked", false], ["created_at", "2020-10-09 17:01:12.774226"], ["updated_at", "2020-10-09 17:01:12.774226"]]
  [1m[35m (0.4ms)[0m  [1m[35mCOMMIT[0m
  [1m[35m (0.1ms)[0m  [1m[35mBEGIN[0m
  [1m[36mRelationship Exists? (0.2ms)[0m  [1m[34mSELECT 1 AS one FROM "relationships" WHERE "relationships"."follower_id" = $1 AND "relationships"."forager_id" = $2 LIMIT $3[0m  [["follower_id", 8], ["forager_id", 9], ["LIMIT", 1]]
  [1m[36mRelationship Create (0.2ms)[0m  [1m[32mINSERT INTO "relationships" ("follower_id", "forager_id", "blocked", "created_at", "updated_at") VALUES ($1, $2, $3, $4, $5) RETURNING "id"[0m  [["follower_id", 8], ["forager_id", 9], ["blocked", false], ["created_at", "2020-10-09 17:01:12.777745"], ["updated_at", "2020-10-09 17:01:12.777745"]]
  [1m[35m (0.3ms)[0m  [1m[35mCOMMIT[0m
  [1m[35m (0.1ms)[0m  [1m[35mBEGIN[0m
  [1m[36mRelationship Exists? (0.2ms)[0m  [1m[34mSELECT 1 AS one FROM "relationships" WHERE "relationships"."follower_id" = $1 AND "relationships"."forager_id" = $2 LIMIT $3[0m  [["follower_id", 10], ["forager_id", 9], ["LIMIT", 1]]
  [1m[36mRelationship Create (0.2ms)[0m  [1m[32mINSERT INTO "relationships" ("follower_id", "forager_id", "blocked", "created_at", "updated_at") VALUES ($1, $2, $3, $4, $5) RETURNING "id"[0m  [["follower_id", 10], ["forager_id", 9], ["blocked", false], ["created_at", "2020-10-09 17:01:12.780934"], ["updated_at", "2020-10-09 17:01:12.780934"]]
  [1m[35m (0.3ms)[0m  [1m[35mCOMMIT[0m
  [1m[35m (0.1ms)[0m  [1m[35mBEGIN[0m
  [1m[36mRelationship Exists? (0.2ms)[0m  [1m[34mSELECT 1 AS one FROM "relationships" WHERE "relationships"."follower_id" = $1 AND "relationships"."forager_id" = $2 LIMIT $3[0m  [["follower_id", 4], ["forager_id", 7], ["LIMIT", 1]]
  [1m[36mRelationship Create (0.2ms)[0m  [1m[32mINSERT INTO "relationships" ("follower_id", "forager_id", "blocked", "created_at", "updated_at") VALUES ($1, $2, $3, $4, $5) RETURNING "id"[0m  [["follower_id", 4], ["forager_id", 7], ["blocked", false], ["created_at", "2020-10-09 17:01:12.784049"], ["updated_at", "2020-10-09 17:01:12.784049"]]
  [1m[35m (0.3ms)[0m  [1m[35mCOMMIT[0m
  [1m[35m (0.1ms)[0m  [1m[35mBEGIN[0m
  [1m[36mRelationship Exists? (0.2ms)[0m  [1m[34mSELECT 1 AS one FROM "relationships" WHERE "relationships"."follower_id" = $1 AND "relationships"."forager_id" = $2 LIMIT $3[0m  [["follower_id", 3], ["forager_id", 7], ["LIMIT", 1]]
  [1m[36mRelationship Create (0.2ms)[0m  [1m[32mINSERT INTO "relationships" ("follower_id", "forager_id", "blocked", "created_at", "updated_at") VALUES ($1, $2, $3, $4, $5) RETURNING "id"[0m  [["follower_id", 3], ["forager_id", 7], ["blocked", false], ["created_at", "2020-10-09 17:01:12.787204"], ["updated_at", "2020-10-09 17:01:12.787204"]]
  [1m[35m (0.3ms)[0m  [1m[35mCOMMIT[0m
  [1m[35m (0.1ms)[0m  [1m[35mBEGIN[0m
  [1m[36mRelationship Exists? (0.2ms)[0m  [1m[34mSELECT 1 AS one FROM "relationships" WHERE "relationships"."follower_id" = $1 AND "relationships"."forager_id" = $2 LIMIT $3[0m  [["follower_id", 8], ["forager_id", 7], ["LIMIT", 1]]
  [1m[36mRelationship Create (0.2ms)[0m  [1m[32mINSERT INTO "relationships" ("follower_id", "forager_id", "blocked", "created_at", "updated_at") VALUES ($1, $2, $3, $4, $5) RETURNING "id"[0m  [["follower_id", 8], ["forager_id", 7], ["blocked", false], ["created_at", "2020-10-09 17:01:12.790227"], ["updated_at", "2020-10-09 17:01:12.790227"]]
  [1m[35m (0.3ms)[0m  [1m[35mCOMMIT[0m
  [1m[35m (0.1ms)[0m  [1m[35mBEGIN[0m
  [1m[36mRelationship Exists? (0.2ms)[0m  [1m[34mSELECT 1 AS one FROM "relationships" WHERE "relationships"."follower_id" = $1 AND "relationships"."forager_id" = $2 LIMIT $3[0m  [["follower_id", 10], ["forager_id", 7], ["LIMIT", 1]]
  [1m[36mRelationship Create (0.2ms)[0m  [1m[32mINSERT INTO "relationships" ("follower_id", "forager_id", "blocked", "created_at", "updated_at") VALUES ($1, $2, $3, $4, $5) RETURNING "id"[0m  [["follower_id", 10], ["forager_id", 7], ["blocked", false], ["created_at", "2020-10-09 17:01:12.793349"], ["updated_at", "2020-10-09 17:01:12.793349"]]
  [1m[35m (0.4ms)[0m  [1m[35mCOMMIT[0m
  [1m[35m (0.1ms)[0m  [1m[35mBEGIN[0m
  [1m[36mRelationship Exists? (0.2ms)[0m  [1m[34mSELECT 1 AS one FROM "relationships" WHERE "relationships"."follower_id" = $1 AND "relationships"."forager_id" = $2 LIMIT $3[0m  [["follower_id", 10], ["forager_id", 3], ["LIMIT", 1]]
  [1m[36mRelationship Create (0.2ms)[0m  [1m[32mINSERT INTO "relationships" ("follower_id", "forager_id", "blocked", "created_at", "updated_at") VALUES ($1, $2, $3, $4, $5) RETURNING "id"[0m  [["follower_id", 10], ["forager_id", 3], ["blocked", false], ["created_at", "2020-10-09 17:01:12.804555"], ["updated_at", "2020-10-09 17:01:12.804555"]]
  [1m[35m (0.3ms)[0m  [1m[35mCOMMIT[0m
  [1m[35m (0.1ms)[0m  [1m[35mBEGIN[0m
  [1m[36mPost Create (0.4ms)[0m  [1m[32mINSERT INTO "posts" ("user_id", "title", "description", "created_at", "updated_at") VALUES ($1, $2, $3, $4, $5) RETURNING "id"[0m  [["user_id", 1], ["title", "My First Forager Post"], ["description", "This is my first forager post. It is only a test"], ["created_at", "2020-10-09 17:01:12.811514"], ["updated_at", "2020-10-09 17:01:12.811514"]]
  [1m[35m (0.3ms)[0m  [1m[35mCOMMIT[0m
  [1m[35m (0.1ms)[0m  [1m[35mBEGIN[0m
  [1m[36mPost Create (0.2ms)[0m  [1m[32mINSERT INTO "posts" ("user_id", "title", "description", "created_at", "updated_at") VALUES ($1, $2, $3, $4, $5) RETURNING "id"[0m  [["user_id", 1], ["title", "Chantrelles Abound!"], ["description", "I found a group of chantrelles today"], ["created_at", "2020-10-09 17:01:12.814424"], ["updated_at", "2020-10-09 17:01:12.814424"]]
  [1m[35m (0.3ms)[0m  [1m[35mCOMMIT[0m
  [1m[35m (0.1ms)[0m  [1m[35mBEGIN[0m
  [1m[36mPost Create (0.2ms)[0m  [1m[32mINSERT INTO "posts" ("user_id", "title", "description", "created_at", "updated_at") VALUES ($1, $2, $3, $4, $5) RETURNING "id"[0m  [["user_id", 1], ["title", "Morels Season Dreaming"], ["description", "Can't wait until the springtime - Already dreaming of morel hunting!"], ["created_at", "2020-10-09 17:01:12.817180"], ["updated_at", "2020-10-09 17:01:12.817180"]]
  [1m[35m (0.3ms)[0m  [1m[35mCOMMIT[0m
  [1m[35m (0.1ms)[0m  [1m[35mBEGIN[0m
  [1m[36mPost Create (0.2ms)[0m  [1m[32mINSERT INTO "posts" ("user_id", "title", "description", "created_at", "updated_at") VALUES ($1, $2, $3, $4, $5) RETURNING "id"[0m  [["user_id", 2], ["title", "Jodi's Post"], ["description", "My fiance made me post this..."], ["created_at", "2020-10-09 17:01:12.819534"], ["updated_at", "2020-10-09 17:01:12.819534"]]
  [1m[35m (0.3ms)[0m  [1m[35mCOMMIT[0m
  [1m[35m (0.1ms)[0m  [1m[35mBEGIN[0m
  [1m[36mPost Create (0.2ms)[0m  [1m[32mINSERT INTO "posts" ("user_id", "title", "description", "created_at", "updated_at") VALUES ($1, $2, $3, $4, $5) RETURNING "id"[0m  [["user_id", 7], ["title", "Hey All"], ["description", "Just getting into this, wanted to make my first post and say hi!"], ["created_at", "2020-10-09 17:01:12.821799"], ["updated_at", "2020-10-09 17:01:12.821799"]]
  [1m[35m (0.3ms)[0m  [1m[35mCOMMIT[0m
  [1m[35m (0.1ms)[0m  [1m[35mBEGIN[0m
  [1m[36mPost Create (0.2ms)[0m  [1m[32mINSERT INTO "posts" ("user_id", "title", "description", "created_at", "updated_at") VALUES ($1, $2, $3, $4, $5) RETURNING "id"[0m  [["user_id", 7], ["title", "Puffball?"], ["description", "Found a big white ball type thing.  Is this a giant puffball?"], ["created_at", "2020-10-09 17:01:12.823943"], ["updated_at", "2020-10-09 17:01:12.823943"]]
  [1m[35m (0.3ms)[0m  [1m[35mCOMMIT[0m
  [1m[35m (0.1ms)[0m  [1m[35mBEGIN[0m
  [1m[36mComment Create (0.4ms)[0m  [1m[32mINSERT INTO "comments" ("post_id", "user_id", "comment_content", "created_at", "updated_at") VALUES ($1, $2, $3, $4, $5) RETURNING "id"[0m  [["post_id", 4], ["user_id", 1], ["comment_content", "Well, I am not sure MADE is correct."], ["created_at", "2020-10-09 17:01:12.831569"], ["updated_at", "2020-10-09 17:01:12.831569"]]
  [1m[35m (0.3ms)[0m  [1m[35mCOMMIT[0m
  [1m[35m (0.1ms)[0m  [1m[35mBEGIN[0m
  [1m[36mComment Create (0.2ms)[0m  [1m[32mINSERT INTO "comments" ("post_id", "user_id", "comment_content", "created_at", "updated_at") VALUES ($1, $2, $3, $4, $5) RETURNING "id"[0m  [["post_id", 1], ["user_id", 2], ["comment_content", "Nice..."], ["created_at", "2020-10-09 17:01:12.834372"], ["updated_at", "2020-10-09 17:01:12.834372"]]
  [1m[35m (0.3ms)[0m  [1m[35mCOMMIT[0m
  [1m[35m (0.1ms)[0m  [1m[35mBEGIN[0m
  [1m[36mComment Create (0.3ms)[0m  [1m[32mINSERT INTO "comments" ("post_id", "user_id", "comment_content", "created_at", "updated_at") VALUES ($1, $2, $3, $4, $5) RETURNING "id"[0m  [["post_id", 1], ["user_id", 7], ["comment_content", "Thanks for putting this together!"], ["created_at", "2020-10-09 17:01:12.836726"], ["updated_at", "2020-10-09 17:01:12.836726"]]
  [1m[35m (0.3ms)[0m  [1m[35mCOMMIT[0m
  [1m[35m (0.1ms)[0m  [1m[35mBEGIN[0m
  [1m[36mComment Create (0.2ms)[0m  [1m[32mINSERT INTO "comments" ("post_id", "user_id", "comment_content", "created_at", "updated_at") VALUES ($1, $2, $3, $4, $5) RETURNING "id"[0m  [["post_id", 1], ["user_id", 3], ["comment_content", "Glad to be on!"], ["created_at", "2020-10-09 17:01:12.839392"], ["updated_at", "2020-10-09 17:01:12.839392"]]
  [1m[35m (0.3ms)[0m  [1m[35mCOMMIT[0m
  [1m[35m (0.1ms)[0m  [1m[35mBEGIN[0m
  [1m[36mComment Create (0.2ms)[0m  [1m[32mINSERT INTO "comments" ("post_id", "user_id", "comment_content", "created_at", "updated_at") VALUES ($1, $2, $3, $4, $5) RETURNING "id"[0m  [["post_id", 1], ["user_id", 10], ["comment_content", "Looking forward to this!"], ["created_at", "2020-10-09 17:01:12.841866"], ["updated_at", "2020-10-09 17:01:12.841866"]]
  [1m[35m (0.3ms)[0m  [1m[35mCOMMIT[0m
  [1m[35m (0.1ms)[0m  [1m[35mBEGIN[0m
  [1m[36mComment Create (0.2ms)[0m  [1m[32mINSERT INTO "comments" ("post_id", "user_id", "comment_content", "created_at", "updated_at") VALUES ($1, $2, $3, $4, $5) RETURNING "id"[0m  [["post_id", 2], ["user_id", 9], ["comment_content", "What is a chantrelle?"], ["created_at", "2020-10-09 17:01:12.844156"], ["updated_at", "2020-10-09 17:01:12.844156"]]
  [1m[35m (0.3ms)[0m  [1m[35mCOMMIT[0m
  [1m[35m (0.1ms)[0m  [1m[35mBEGIN[0m
  [1m[36mComment Create (0.2ms)[0m  [1m[32mINSERT INTO "comments" ("post_id", "user_id", "comment_content", "created_at", "updated_at") VALUES ($1, $2, $3, $4, $5) RETURNING "id"[0m  [["post_id", 2], ["user_id", 8], ["comment_content", "What type of chantrelle?"], ["created_at", "2020-10-09 17:01:12.846584"], ["updated_at", "2020-10-09 17:01:12.846584"]]
  [1m[35m (0.3ms)[0m  [1m[35mCOMMIT[0m
  [1m[35m (0.1ms)[0m  [1m[35mBEGIN[0m
  [1m[36mComment Create (0.3ms)[0m  [1m[32mINSERT INTO "comments" ("post_id", "user_id", "comment_content", "created_at", "updated_at") VALUES ($1, $2, $3, $4, $5) RETURNING "id"[0m  [["post_id", 3], ["user_id", 4], ["comment_content", "I can't wait!"], ["created_at", "2020-10-09 17:01:12.849081"], ["updated_at", "2020-10-09 17:01:12.849081"]]
  [1m[35m (0.3ms)[0m  [1m[35mCOMMIT[0m
  [1m[35m (0.1ms)[0m  [1m[35mBEGIN[0m
  [1m[36mComment Create (0.2ms)[0m  [1m[32mINSERT INTO "comments" ("post_id", "user_id", "comment_content", "created_at", "updated_at") VALUES ($1, $2, $3, $4, $5) RETURNING "id"[0m  [["post_id", 3], ["user_id", 5], ["comment_content", "We should plan a morel hunting trip up north"], ["created_at", "2020-10-09 17:01:12.851583"], ["updated_at", "2020-10-09 17:01:12.851583"]]
  [1m[35m (0.3ms)[0m  [1m[35mCOMMIT[0m
  [1m[35m (0.1ms)[0m  [1m[35mBEGIN[0m
  [1m[36mComment Create (0.2ms)[0m  [1m[32mINSERT INTO "comments" ("post_id", "user_id", "comment_content", "created_at", "updated_at") VALUES ($1, $2, $3, $4, $5) RETURNING "id"[0m  [["post_id", 5], ["user_id", 6], ["comment_content", "Hi Mitch!"], ["created_at", "2020-10-09 17:01:12.853961"], ["updated_at", "2020-10-09 17:01:12.853961"]]
  [1m[35m (0.3ms)[0m  [1m[35mCOMMIT[0m
  [1m[35m (0.1ms)[0m  [1m[35mBEGIN[0m
  [1m[36mComment Create (0.2ms)[0m  [1m[32mINSERT INTO "comments" ("post_id", "user_id", "comment_content", "created_at", "updated_at") VALUES ($1, $2, $3, $4, $5) RETURNING "id"[0m  [["post_id", 5], ["user_id", 7], ["comment_content", "Hi Sarah!"], ["created_at", "2020-10-09 17:01:12.856627"], ["updated_at", "2020-10-09 17:01:12.856627"]]
  [1m[35m (0.2ms)[0m  [1m[35mCOMMIT[0m
  [1m[35m (0.1ms)[0m  [1m[35mBEGIN[0m
  [1m[36mComment Create (0.2ms)[0m  [1m[32mINSERT INTO "comments" ("post_id", "user_id", "comment_content", "created_at", "updated_at") VALUES ($1, $2, $3, $4, $5) RETURNING "id"[0m  [["post_id", 5], ["user_id", 10], ["comment_content", "Hello to both of you :)"], ["created_at", "2020-10-09 17:01:12.858969"], ["updated_at", "2020-10-09 17:01:12.858969"]]
  [1m[35m (0.3ms)[0m  [1m[35mCOMMIT[0m
  [1m[35m (0.1ms)[0m  [1m[35mBEGIN[0m
  [1m[36mComment Create (0.2ms)[0m  [1m[32mINSERT INTO "comments" ("post_id", "user_id", "comment_content", "created_at", "updated_at") VALUES ($1, $2, $3, $4, $5) RETURNING "id"[0m  [["post_id", 6], ["user_id", 1], ["comment_content", "Yes - will be eaiser to confirm once this app let's you upload pictures, but it sounds like a puffball!"], ["created_at", "2020-10-09 17:01:12.861598"], ["updated_at", "2020-10-09 17:01:12.861598"]]
  [1m[35m (0.3ms)[0m  [1m[35mCOMMIT[0m
  [1m[35m (0.1ms)[0m  [1m[35mBEGIN[0m
  [1m[36mComment Create (0.2ms)[0m  [1m[32mINSERT INTO "comments" ("post_id", "user_id", "comment_content", "created_at", "updated_at") VALUES ($1, $2, $3, $4, $5) RETURNING "id"[0m  [["post_id", 6], ["user_id", 7], ["comment_content", "Sweet, thanks. Can I eat it?"], ["created_at", "2020-10-09 17:01:12.864115"], ["updated_at", "2020-10-09 17:01:12.864115"]]
  [1m[35m (0.3ms)[0m  [1m[35mCOMMIT[0m
  [1m[35m (0.1ms)[0m  [1m[35mBEGIN[0m
  [1m[36mComment Create (0.2ms)[0m  [1m[32mINSERT INTO "comments" ("post_id", "user_id", "comment_content", "created_at", "updated_at") VALUES ($1, $2, $3, $4, $5) RETURNING "id"[0m  [["post_id", 6], ["user_id", 1], ["comment_content", "You can eat puffballs, but again - I wouldn't feel comfortable eating it without photo confirmation.  I'll be working to get that up and running soon, so just wait until then."], ["created_at", "2020-10-09 17:01:12.866527"], ["updated_at", "2020-10-09 17:01:12.866527"]]
  [1m[35m (0.4ms)[0m  [1m[35mCOMMIT[0m
  [1m[35m (0.1ms)[0m  [1m[35mBEGIN[0m
  [1m[36mComment Create (0.2ms)[0m  [1m[32mINSERT INTO "comments" ("post_id", "user_id", "comment_content", "created_at", "updated_at") VALUES ($1, $2, $3, $4, $5) RETURNING "id"[0m  [["post_id", 6], ["user_id", 7], ["comment_content", "Sounds good, will do - hurry up with it!"], ["created_at", "2020-10-09 17:01:12.868839"], ["updated_at", "2020-10-09 17:01:12.868839"]]
  [1m[35m (0.3ms)[0m  [1m[35mCOMMIT[0m
Started OPTIONS "/users" for ::1 at 2020-10-09 12:08:37 -0500
  [1m[35m (0.6ms)[0m  [1m[34mSELECT "schema_migrations"."version" FROM "schema_migrations" ORDER BY "schema_migrations"."version" ASC[0m
  
ActionController::RoutingError (No route matches [OPTIONS] "/users"):
  
actionpack (6.0.3.4) lib/action_dispatch/middleware/debug_exceptions.rb:36:in `call'
actionpack (6.0.3.4) lib/action_dispatch/middleware/show_exceptions.rb:33:in `call'
railties (6.0.3.4) lib/rails/rack/logger.rb:37:in `call_app'
railties (6.0.3.4) lib/rails/rack/logger.rb:26:in `block in call'
activesupport (6.0.3.4) lib/active_support/tagged_logging.rb:80:in `block in tagged'
activesupport (6.0.3.4) lib/active_support/tagged_logging.rb:28:in `tagged'
activesupport (6.0.3.4) lib/active_support/tagged_logging.rb:80:in `tagged'
railties (6.0.3.4) lib/rails/rack/logger.rb:26:in `call'
actionpack (6.0.3.4) lib/action_dispatch/middleware/remote_ip.rb:81:in `call'
actionpack (6.0.3.4) lib/action_dispatch/middleware/request_id.rb:27:in `call'
rack (2.2.3) lib/rack/runtime.rb:22:in `call'
activesupport (6.0.3.4) lib/active_support/cache/strategy/local_cache_middleware.rb:29:in `call'
actionpack (6.0.3.4) lib/action_dispatch/middleware/executor.rb:14:in `call'
actionpack (6.0.3.4) lib/action_dispatch/middleware/static.rb:126:in `call'
rack (2.2.3) lib/rack/sendfile.rb:110:in `call'
actionpack (6.0.3.4) lib/action_dispatch/middleware/host_authorization.rb:82:in `call'
railties (6.0.3.4) lib/rails/engine.rb:527:in `call'
puma (4.3.6) lib/puma/configuration.rb:228:in `call'
puma (4.3.6) lib/puma/server.rb:713:in `handle_request'
puma (4.3.6) lib/puma/server.rb:472:in `process_client'
puma (4.3.6) lib/puma/server.rb:328:in `block in run'
puma (4.3.6) lib/puma/thread_pool.rb:134:in `block in spawn_thread'
Started POST "/users" for ::1 at 2020-10-09 12:57:02 -0500
  [1m[35m (1.1ms)[0m  [1m[34mSELECT "schema_migrations"."version" FROM "schema_migrations" ORDER BY "schema_migrations"."version" ASC[0m
Processing by UsersController#create as */*
  Parameters: {"first_name"=>"Nick", "last_name"=>"Moore", "password"=>"[FILTERED]", "user"=>{"first_name"=>"Nick", "last_name"=>"Moore"}}
Completed 204 No Content in 14749ms (ActiveRecord: 2.2ms | Allocations: 63474)


Started POST "/users" for ::1 at 2020-10-13 10:35:56 -0500
  [1m[35m (3.3ms)[0m  [1m[34mSELECT "schema_migrations"."version" FROM "schema_migrations" ORDER BY "schema_migrations"."version" ASC[0m
Processing by UsersController#create as JSON
  Parameters: {"first_name"=>"Test Nick", "last_name"=>"Test Moore", "email"=>"testnick@email.com", "bio"=>"This is a test through fetch", "birthday"=>"1987-02-05", "username"=>"TestMoore42", "password"=>"[FILTERED]", "user"=>{"first_name"=>"Test Nick", "last_name"=>"Test Moore", "birthday"=>"1987-02-05", "username"=>"TestMoore42", "email"=>"testnick@email.com", "bio"=>"This is a test through fetch"}}
  [1m[35m (0.2ms)[0m  [1m[35mBEGIN[0m
  ↳ app/controllers/users_controller.rb:4:in `create'
  [1m[36mUser Exists? (4.4ms)[0m  [1m[34mSELECT 1 AS one FROM "users" WHERE "users"."email" = $1 LIMIT $2[0m  [["email", "testnick@email.com"], ["LIMIT", 1]]
  ↳ app/controllers/users_controller.rb:4:in `create'
  [1m[36mUser Exists? (0.2ms)[0m  [1m[34mSELECT 1 AS one FROM "users" WHERE "users"."username" = $1 LIMIT $2[0m  [["username", "TestMoore42"], ["LIMIT", 1]]
  ↳ app/controllers/users_controller.rb:4:in `create'
  [1m[35m (0.5ms)[0m  [1m[31mROLLBACK[0m
  ↳ app/controllers/users_controller.rb:4:in `create'
  [1m[36mUser Exists? (0.2ms)[0m  [1m[34mSELECT 1 AS one FROM "users" WHERE "users"."email" = $1 LIMIT $2[0m  [["email", "testnick@email.com"], ["LIMIT", 1]]
  ↳ app/controllers/users_controller.rb:5:in `create'
  [1m[36mUser Exists? (0.2ms)[0m  [1m[34mSELECT 1 AS one FROM "users" WHERE "users"."username" = $1 LIMIT $2[0m  [["username", "TestMoore42"], ["LIMIT", 1]]
  ↳ app/controllers/users_controller.rb:5:in `create'
[active_model_serializers] Rendered ActiveModel::Serializer::Null with Hash (0.08ms)
Completed 406 Not Acceptable in 28ms (Views: 1.6ms | ActiveRecord: 11.4ms | Allocations: 17521)


Started POST "/users" for ::1 at 2020-10-13 10:37:01 -0500
Processing by UsersController#create as JSON
  Parameters: {"first_name"=>"Test Nick", "last_name"=>"Test Moore", "email"=>"testnick@email.com", "bio"=>"This is a test through fetch", "birthday"=>"1987-02-05", "username"=>"TestMoore42", "password"=>"[FILTERED]", "user"=>{"first_name"=>"Test Nick", "last_name"=>"Test Moore", "birthday"=>"1987-02-05", "username"=>"TestMoore42", "email"=>"testnick@email.com", "bio"=>"This is a test through fetch"}}
  [1m[35m (0.1ms)[0m  [1m[35mBEGIN[0m
  ↳ app/controllers/users_controller.rb:4:in `create'
  [1m[36mUser Exists? (0.2ms)[0m  [1m[34mSELECT 1 AS one FROM "users" WHERE "users"."email" = $1 LIMIT $2[0m  [["email", "testnick@email.com"], ["LIMIT", 1]]
  ↳ app/controllers/users_controller.rb:4:in `create'
  [1m[36mUser Exists? (0.2ms)[0m  [1m[34mSELECT 1 AS one FROM "users" WHERE "users"."username" = $1 LIMIT $2[0m  [["username", "TestMoore42"], ["LIMIT", 1]]
  ↳ app/controllers/users_controller.rb:4:in `create'
  [1m[35m (0.1ms)[0m  [1m[31mROLLBACK[0m
  ↳ app/controllers/users_controller.rb:4:in `create'
  [1m[36mUser Exists? (0.2ms)[0m  [1m[34mSELECT 1 AS one FROM "users" WHERE "users"."email" = $1 LIMIT $2[0m  [["email", "testnick@email.com"], ["LIMIT", 1]]
  ↳ app/controllers/users_controller.rb:5:in `create'
  [1m[36mUser Exists? (0.2ms)[0m  [1m[34mSELECT 1 AS one FROM "users" WHERE "users"."username" = $1 LIMIT $2[0m  [["username", "TestMoore42"], ["LIMIT", 1]]
  ↳ app/controllers/users_controller.rb:5:in `create'
[active_model_serializers] Rendered ActiveModel::Serializer::Null with Hash (0.07ms)
Completed 406 Not Acceptable in 16ms (Views: 0.6ms | ActiveRecord: 5.2ms | Allocations: 13463)


Started POST "/users" for ::1 at 2020-10-13 10:41:19 -0500
Processing by UsersController#create as JSON
  Parameters: {"first_name"=>"Test Nick", "last_name"=>"Test Moore", "email"=>"testnick@email.com", "bio"=>"This is a test through fetch", "birthday"=>"1987-02-05", "username"=>"TestMoore42", "password"=>"[FILTERED]", "user"=>{"first_name"=>"Test Nick", "last_name"=>"Test Moore", "birthday"=>"1987-02-05", "username"=>"TestMoore42", "email"=>"testnick@email.com", "bio"=>"This is a test through fetch"}}
  [1m[35m (0.1ms)[0m  [1m[35mBEGIN[0m
  ↳ app/controllers/users_controller.rb:4:in `create'
  [1m[36mUser Exists? (0.2ms)[0m  [1m[34mSELECT 1 AS one FROM "users" WHERE "users"."email" = $1 LIMIT $2[0m  [["email", "testnick@email.com"], ["LIMIT", 1]]
  ↳ app/controllers/users_controller.rb:4:in `create'
  [1m[36mUser Exists? (0.2ms)[0m  [1m[34mSELECT 1 AS one FROM "users" WHERE "users"."username" = $1 LIMIT $2[0m  [["username", "TestMoore42"], ["LIMIT", 1]]
  ↳ app/controllers/users_controller.rb:4:in `create'
  [1m[35m (0.1ms)[0m  [1m[31mROLLBACK[0m
  ↳ app/controllers/users_controller.rb:4:in `create'
  [1m[36mUser Exists? (0.2ms)[0m  [1m[34mSELECT 1 AS one FROM "users" WHERE "users"."email" = $1 LIMIT $2[0m  [["email", "testnick@email.com"], ["LIMIT", 1]]
  ↳ app/controllers/users_controller.rb:5:in `create'
  [1m[36mUser Exists? (0.2ms)[0m  [1m[34mSELECT 1 AS one FROM "users" WHERE "users"."username" = $1 LIMIT $2[0m  [["username", "TestMoore42"], ["LIMIT", 1]]
  ↳ app/controllers/users_controller.rb:5:in `create'
[active_model_serializers] Rendered ActiveModel::Serializer::Null with Hash (0.04ms)
Completed 406 Not Acceptable in 14ms (Views: 0.4ms | ActiveRecord: 4.7ms | Allocations: 12902)


Started POST "/users" for ::1 at 2020-10-13 10:46:29 -0500
Processing by UsersController#create as JSON
  Parameters: {"first_name"=>"Test Nick", "last_name"=>"Test Moore", "email"=>"testnick@email.com", "bio"=>"This is a test through fetch", "birthday"=>"1987-02-05", "username"=>"TestMoore42", "password"=>"[FILTERED]", "user"=>{"password"=>"[FILTERED]"}}
  [1m[35m (0.2ms)[0m  [1m[35mBEGIN[0m
  ↳ app/controllers/users_controller.rb:4:in `create'
  [1m[36mUser Exists? (0.4ms)[0m  [1m[34mSELECT 1 AS one FROM "users" WHERE "users"."email" IS NULL LIMIT $1[0m  [["LIMIT", 1]]
  ↳ app/controllers/users_controller.rb:4:in `create'
  [1m[36mUser Exists? (0.2ms)[0m  [1m[34mSELECT 1 AS one FROM "users" WHERE "users"."username" IS NULL LIMIT $1[0m  [["LIMIT", 1]]
  ↳ app/controllers/users_controller.rb:4:in `create'
  [1m[35m (0.1ms)[0m  [1m[31mROLLBACK[0m
  ↳ app/controllers/users_controller.rb:4:in `create'
  [1m[36mUser Exists? (0.2ms)[0m  [1m[34mSELECT 1 AS one FROM "users" WHERE "users"."email" IS NULL LIMIT $1[0m  [["LIMIT", 1]]
  ↳ app/controllers/users_controller.rb:5:in `create'
  [1m[36mUser Exists? (0.2ms)[0m  [1m[34mSELECT 1 AS one FROM "users" WHERE "users"."username" IS NULL LIMIT $1[0m  [["LIMIT", 1]]
  ↳ app/controllers/users_controller.rb:5:in `create'
[active_model_serializers] Rendered ActiveModel::Serializer::Null with Hash (0.04ms)
Completed 406 Not Acceptable in 197ms (Views: 0.4ms | ActiveRecord: 5.4ms | Allocations: 20896)


Started POST "/users" for ::1 at 2020-10-13 10:51:43 -0500
Processing by UsersController#create as JSON
  Parameters: {"first_name"=>"Test Nick", "last_name"=>"Test Moore", "email"=>"testnick@email.com", "bio"=>"This is a test through fetch", "birthday"=>"1987-02-05", "username"=>"TestMoore42", "password"=>"[FILTERED]", "user"=>{"first_name"=>"Test Nick", "last_name"=>"Test Moore", "birthday"=>"1987-02-05", "username"=>"TestMoore42", "password"=>"[FILTERED]", "email"=>"testnick@email.com", "bio"=>"This is a test through fetch"}}
  [1m[35m (0.2ms)[0m  [1m[35mBEGIN[0m
  ↳ app/controllers/users_controller.rb:5:in `create'
  [1m[36mUser Exists? (0.4ms)[0m  [1m[34mSELECT 1 AS one FROM "users" WHERE "users"."email" = $1 LIMIT $2[0m  [["email", "testnick@email.com"], ["LIMIT", 1]]
  ↳ app/controllers/users_controller.rb:5:in `create'
  [1m[36mUser Exists? (0.4ms)[0m  [1m[34mSELECT 1 AS one FROM "users" WHERE "users"."username" = $1 LIMIT $2[0m  [["username", "TestMoore42"], ["LIMIT", 1]]
  ↳ app/controllers/users_controller.rb:5:in `create'
  [1m[36mUser Create (3.8ms)[0m  [1m[32mINSERT INTO "users" ("first_name", "last_name", "birthday", "username", "password_digest", "email", "bio", "created_at", "updated_at") VALUES ($1, $2, $3, $4, $5, $6, $7, $8, $9) RETURNING "id"[0m  [["first_name", "Test Nick"], ["last_name", "Test Moore"], ["birthday", "1987-02-05"], ["username", "TestMoore42"], ["password_digest", "$2a$12$95VEqNlCgFChjPZxJcQAxeFbepOQvY09cI/2xNi0doGt4f/j6pyB."], ["email", "testnick@email.com"], ["bio", "This is a test through fetch"], ["created_at", "2020-10-13 15:51:43.329438"], ["updated_at", "2020-10-13 15:51:43.329438"]]
  ↳ app/controllers/users_controller.rb:5:in `create'
  [1m[35m (1.1ms)[0m  [1m[35mCOMMIT[0m
  ↳ app/controllers/users_controller.rb:5:in `create'
  [1m[36mUser Exists? (0.3ms)[0m  [1m[34mSELECT 1 AS one FROM "users" WHERE "users"."email" = $1 AND "users"."id" != $2 LIMIT $3[0m  [["email", "testnick@email.com"], ["id", 11], ["LIMIT", 1]]
  ↳ app/controllers/users_controller.rb:6:in `create'
  [1m[36mUser Exists? (0.2ms)[0m  [1m[34mSELECT 1 AS one FROM "users" WHERE "users"."username" = $1 AND "users"."id" != $2 LIMIT $3[0m  [["username", "TestMoore42"], ["id", 11], ["LIMIT", 1]]
  ↳ app/controllers/users_controller.rb:6:in `create'
[active_model_serializers] Rendered ActiveModel::Serializer::Null with Hash (6.24ms)
Completed 201 Created in 222ms (Views: 6.7ms | ActiveRecord: 12.1ms | Allocations: 19899)


Started GET "/" for ::1 at 2020-10-16 10:26:23 -0500
  [1m[35m (0.7ms)[0m  [1m[34mSELECT "schema_migrations"."version" FROM "schema_migrations" ORDER BY "schema_migrations"."version" ASC[0m
Processing by Rails::WelcomeController#index as HTML
  Rendering /Users/nicholasmoore/.rvm/gems/ruby-2.6.1/gems/railties-6.0.3.4/lib/rails/templates/rails/welcome/index.html.erb
  Rendered /Users/nicholasmoore/.rvm/gems/ruby-2.6.1/gems/railties-6.0.3.4/lib/rails/templates/rails/welcome/index.html.erb (Duration: 6.4ms | Allocations: 480)
Completed 200 OK in 16ms (Views: 11.4ms | ActiveRecord: 0.0ms | Allocations: 2631)


Started GET "/users" for ::1 at 2020-10-16 10:26:26 -0500
  
ActionController::RoutingError (No route matches [GET] "/users"):
  
actionpack (6.0.3.4) lib/action_dispatch/middleware/debug_exceptions.rb:36:in `call'
actionpack (6.0.3.4) lib/action_dispatch/middleware/show_exceptions.rb:33:in `call'
railties (6.0.3.4) lib/rails/rack/logger.rb:37:in `call_app'
railties (6.0.3.4) lib/rails/rack/logger.rb:26:in `block in call'
activesupport (6.0.3.4) lib/active_support/tagged_logging.rb:80:in `block in tagged'
activesupport (6.0.3.4) lib/active_support/tagged_logging.rb:28:in `tagged'
activesupport (6.0.3.4) lib/active_support/tagged_logging.rb:80:in `tagged'
railties (6.0.3.4) lib/rails/rack/logger.rb:26:in `call'
actionpack (6.0.3.4) lib/action_dispatch/middleware/remote_ip.rb:81:in `call'
actionpack (6.0.3.4) lib/action_dispatch/middleware/request_id.rb:27:in `call'
rack (2.2.3) lib/rack/runtime.rb:22:in `call'
activesupport (6.0.3.4) lib/active_support/cache/strategy/local_cache_middleware.rb:29:in `call'
actionpack (6.0.3.4) lib/action_dispatch/middleware/executor.rb:14:in `call'
actionpack (6.0.3.4) lib/action_dispatch/middleware/static.rb:126:in `call'
rack (2.2.3) lib/rack/sendfile.rb:110:in `call'
actionpack (6.0.3.4) lib/action_dispatch/middleware/host_authorization.rb:82:in `call'
rack-cors (1.1.1) lib/rack/cors.rb:100:in `call'
railties (6.0.3.4) lib/rails/engine.rb:527:in `call'
puma (4.3.6) lib/puma/configuration.rb:228:in `call'
puma (4.3.6) lib/puma/server.rb:713:in `handle_request'
puma (4.3.6) lib/puma/server.rb:472:in `process_client'
puma (4.3.6) lib/puma/server.rb:328:in `block in run'
puma (4.3.6) lib/puma/thread_pool.rb:134:in `block in spawn_thread'
Started POST "/users" for ::1 at 2020-10-16 10:29:50 -0500
Processing by UsersController#create as */*
  Parameters: {"first_name"=>"Nicktest", "last_name"=>"Mooretest", "birthday"=>"1987-02-05", "username"=>"nickmooretest", "password"=>"[FILTERED]", "email"=>"nickmooretest@email.com", "bio"=>"mytest", "user"=>{"first_name"=>"Nicktest", "last_name"=>"Mooretest", "birthday"=>"1987-02-05", "username"=>"nickmooretest", "password"=>"[FILTERED]", "email"=>"nickmooretest@email.com", "bio"=>"mytest"}}
  [1m[35m (0.1ms)[0m  [1m[35mBEGIN[0m
  ↳ app/controllers/users_controller.rb:9:in `create'
  [1m[36mUser Exists? (3.1ms)[0m  [1m[34mSELECT 1 AS one FROM "users" WHERE "users"."email" = $1 LIMIT $2[0m  [["email", "nickmooretest@email.com"], ["LIMIT", 1]]
  ↳ app/controllers/users_controller.rb:9:in `create'
  [1m[36mUser Exists? (0.4ms)[0m  [1m[34mSELECT 1 AS one FROM "users" WHERE "users"."username" = $1 LIMIT $2[0m  [["username", "nickmooretest"], ["LIMIT", 1]]
  ↳ app/controllers/users_controller.rb:9:in `create'
  [1m[36mUser Create (0.4ms)[0m  [1m[32mINSERT INTO "users" ("first_name", "last_name", "birthday", "username", "password_digest", "email", "bio", "created_at", "updated_at") VALUES ($1, $2, $3, $4, $5, $6, $7, $8, $9) RETURNING "id"[0m  [["first_name", "Nicktest"], ["last_name", "Mooretest"], ["birthday", "1987-02-05"], ["username", "nickmooretest"], ["password_digest", "$2a$12$WdelzLc7u.poX7gPtgPklugtUw8eWfiBEN8xHWld28v66SpvcKx7O"], ["email", "nickmooretest@email.com"], ["bio", "mytest"], ["created_at", "2020-10-16 15:29:51.171956"], ["updated_at", "2020-10-16 15:29:51.171956"]]
  ↳ app/controllers/users_controller.rb:9:in `create'
  [1m[35m (1.7ms)[0m  [1m[35mCOMMIT[0m
  ↳ app/controllers/users_controller.rb:9:in `create'
  [1m[36mUser Exists? (0.4ms)[0m  [1m[34mSELECT 1 AS one FROM "users" WHERE "users"."email" = $1 AND "users"."id" != $2 LIMIT $3[0m  [["email", "nickmooretest@email.com"], ["id", 12], ["LIMIT", 1]]
  ↳ app/controllers/users_controller.rb:10:in `create'
  [1m[36mUser Exists? (0.2ms)[0m  [1m[34mSELECT 1 AS one FROM "users" WHERE "users"."username" = $1 AND "users"."id" != $2 LIMIT $3[0m  [["username", "nickmooretest"], ["id", 12], ["LIMIT", 1]]
  ↳ app/controllers/users_controller.rb:10:in `create'
[active_model_serializers] Rendered ActiveModel::Serializer::Null with Hash (5.77ms)
Completed 201 Created in 242ms (Views: 8.0ms | ActiveRecord: 12.6ms | Allocations: 22126)


Started POST "/users" for ::1 at 2020-10-16 10:47:44 -0500
  [1m[35m (0.6ms)[0m  [1m[34mSELECT "schema_migrations"."version" FROM "schema_migrations" ORDER BY "schema_migrations"."version" ASC[0m
Processing by UsersController#create as */*
  Parameters: {"first_name"=>"Nickt33est", "last_name"=>"Moorete33st", "birthday"=>"1987-02-05", "username"=>"nickmoor33etest", "password"=>"[FILTERED]", "email"=>"nickmoo33retest@email.com", "bio"=>"mytest", "user"=>{"first_name"=>"Nickt33est", "last_name"=>"Moorete33st", "birthday"=>"1987-02-05", "username"=>"nickmoor33etest", "password"=>"[FILTERED]", "email"=>"nickmoo33retest@email.com", "bio"=>"mytest"}}
  [1m[35m (0.2ms)[0m  [1m[35mBEGIN[0m
  ↳ app/controllers/users_controller.rb:12:in `create'
  [1m[36mUser Exists? (0.6ms)[0m  [1m[34mSELECT 1 AS one FROM "users" WHERE "users"."email" = $1 LIMIT $2[0m  [["email", "nickmoo33retest@email.com"], ["LIMIT", 1]]
  ↳ app/controllers/users_controller.rb:12:in `create'
  [1m[36mUser Exists? (0.3ms)[0m  [1m[34mSELECT 1 AS one FROM "users" WHERE "users"."username" = $1 LIMIT $2[0m  [["username", "nickmoor33etest"], ["LIMIT", 1]]
  ↳ app/controllers/users_controller.rb:12:in `create'
  [1m[36mUser Create (2.2ms)[0m  [1m[32mINSERT INTO "users" ("first_name", "last_name", "birthday", "username", "password_digest", "email", "bio", "created_at", "updated_at") VALUES ($1, $2, $3, $4, $5, $6, $7, $8, $9) RETURNING "id"[0m  [["first_name", "Nickt33est"], ["last_name", "Moorete33st"], ["birthday", "1987-02-05"], ["username", "nickmoor33etest"], ["password_digest", "$2a$12$drjH/OR2TvqRMOtIJZyWTeUK/e.5cIwcrUTS6HFEFOVDMrHTUa1i."], ["email", "nickmoo33retest@email.com"], ["bio", "mytest"], ["created_at", "2020-10-16 15:47:44.269364"], ["updated_at", "2020-10-16 15:47:44.269364"]]
  ↳ app/controllers/users_controller.rb:12:in `create'
  [1m[35m (0.5ms)[0m  [1m[35mCOMMIT[0m
  ↳ app/controllers/users_controller.rb:12:in `create'
  [1m[36mUser Exists? (0.4ms)[0m  [1m[34mSELECT 1 AS one FROM "users" WHERE "users"."email" = $1 AND "users"."id" != $2 LIMIT $3[0m  [["email", "nickmoo33retest@email.com"], ["id", 13], ["LIMIT", 1]]
  ↳ app/controllers/users_controller.rb:13:in `create'
  [1m[36mUser Exists? (0.2ms)[0m  [1m[34mSELECT 1 AS one FROM "users" WHERE "users"."username" = $1 AND "users"."id" != $2 LIMIT $3[0m  [["username", "nickmoor33etest"], ["id", 13], ["LIMIT", 1]]
  ↳ app/controllers/users_controller.rb:13:in `create'
[active_model_serializers] Rendered ActiveModel::Serializer::Null with Hash (1.08ms)
Completed 201 Created in 204ms (Views: 1.8ms | ActiveRecord: 11.2ms | Allocations: 20983)


